<?xml version="1.0" encoding="UTF-8"?>
<!-- Generated by org.testng.reporters.JUnitReportReporter -->
<testsuite skipped="0" hostname="DESKTOP-DI5EETG" name="org.hmh.ODMSAutomation.TestCase1" tests="5" failures="0" timestamp="29 May 2018 15:33:51 GMT" time="0.031" errors="0">
  <testcase name="m2" time="0.002" classname="org.hmh.ODMSAutomation.TestCase1"/>
  <testcase name="m4" time="0.003" classname="org.hmh.ODMSAutomation.TestCase1"/>
  <testcase name="m3" time="0.001" classname="org.hmh.ODMSAutomation.TestCase1"/>
  <testcase name="m1" time="0.021" classname="org.hmh.ODMSAutomation.TestCase1"/>
  <testcase name="m5" time="0.004" classname="org.hmh.ODMSAutomation.TestCase1"/>
</testsuite> <!-- org.hmh.ODMSAutomation.TestCase1 -->
